# JRE version: OpenJDK Runtime Environment (8.0_152-b01) (build 1.8.0_152-release-1248-b01)
# Java VM: OpenJDK 64-Bit Server VM (25.152-b01 mixed mode windows-amd64 compressed oops)
Heap:
 PSYoungGen      total 45056K, used 6519K [0x00000000e0000000, 0x00000000e3e80000, 0x0000000100000000)
  eden space 39424K, 16% used [0x00000000e0000000,0x00000000e064de28,0x00000000e2680000)
  from space 5632K, 1% used [0x00000000e3900000,0x00000000e3910000,0x00000000e3e80000)
  to   space 12288K, 0% used [0x00000000e2680000,0x00000000e2680000,0x00000000e3280000)
 ParOldGen       total 53248K, used 25936K [0x00000000a0000000, 0x00000000a3400000, 0x00000000e0000000)
  object space 53248K, 48% used [0x00000000a0000000,0x00000000a1954370,0x00000000a3400000)
 Metaspace       used 49519K, capacity 50424K, committed 50728K, reserved 1093632K
  class space    used 6631K, capacity 6921K, committed 6960K, reserved 1048576K
GC Heap History (10 events):
Event: 111.793 GC heap before
{Heap before GC invocations=16 (full 2):
 PSYoungGen      total 40960K, used 39058K [0x00000000e0000000, 0x00000000e4080000, 0x0000000100000000)
  eden space 30208K, 100% used [0x00000000e0000000,0x00000000e1d80000,0x00000000e1d80000)
  from space 10752K, 82% used [0x00000000e1d80000,0x00000000e26248b0,0x00000000e2800000)
  to   space 11264K, 0% used [0x00000000e3580000,0x00000000e3580000,0x00000000e4080000)
 ParOldGen       total 53248K, used 16151K [0x00000000a0000000, 0x00000000a3400000, 0x00000000e0000000)
  object space 53248K, 30% used [0x00000000a0000000,0x00000000a0fc5e40,0x00000000a3400000)
 Metaspace       used 43428K, capacity 44234K, committed 44456K, reserved 1087488K
  class space    used 5898K, capacity 6198K, committed 6320K, reserved 1048576K
Event: 111.816 GC heap after
Heap after GC invocations=16 (full 2):
 PSYoungGen      total 53760K, used 9052K [0x00000000e0000000, 0x00000000e4080000, 0x0000000100000000)
  eden space 42496K, 0% used [0x00000000e0000000,0x00000000e0000000,0x00000000e2980000)
  from space 11264K, 80% used [0x00000000e3580000,0x00000000e3e573b0,0x00000000e4080000)
  to   space 11776K, 0% used [0x00000000e2980000,0x00000000e2980000,0x00000000e3500000)
 ParOldGen       total 53248K, used 16159K [0x00000000a0000000, 0x00000000a3400000, 0x00000000e0000000)
  object space 53248K, 30% used [0x00000000a0000000,0x00000000a0fc7e40,0x00000000a3400000)
 Metaspace       used 43428K, capacity 44234K, committed 44456K, reserved 1087488K
  class space    used 5898K, capacity 6198K, committed 6320K, reserved 1048576K
}
Event: 122.450 GC heap before
{Heap before GC invocations=17 (full 2):
 PSYoungGen      total 53760K, used 51548K [0x00000000e0000000, 0x00000000e4080000, 0x0000000100000000)
  eden space 42496K, 100% used [0x00000000e0000000,0x00000000e2980000,0x00000000e2980000)
  from space 11264K, 80% used [0x00000000e3580000,0x00000000e3e573b0,0x00000000e4080000)
  to   space 11776K, 0% used [0x00000000e2980000,0x00000000e2980000,0x00000000e3500000)
 ParOldGen       total 53248K, used 16159K [0x00000000a0000000, 0x00000000a3400000, 0x00000000e0000000)
  object space 53248K, 30% used [0x00000000a0000000,0x00000000a0fc7e40,0x00000000a3400000)
 Metaspace       used 44566K, capacity 45354K, committed 45608K, reserved 1089536K
  class space    used 6086K, capacity 6358K, committed 6448K, reserved 1048576K
Event: 122.464 GC heap after
Heap after GC invocations=17 (full 2):
 PSYoungGen      total 54272K, used 5224K [0x00000000e0000000, 0x00000000e4f00000, 0x0000000100000000)
  eden space 42496K, 0% used [0x00000000e0000000,0x00000000e0000000,0x00000000e2980000)
  from space 11776K, 44% used [0x00000000e2980000,0x00000000e2e9a368,0x00000000e3500000)
  to   space 11264K, 0% used [0x00000000e4400000,0x00000000e4400000,0x00000000e4f00000)
 ParOldGen       total 53248K, used 20259K [0x00000000a0000000, 0x00000000a3400000, 0x00000000e0000000)
  object space 53248K, 38% used [0x00000000a0000000,0x00000000a13c8d78,0x00000000a3400000)
 Metaspace       used 44566K, capacity 45354K, committed 45608K, reserved 1089536K
  class space    used 6086K, capacity 6358K, committed 6448K, reserved 1048576K
}
Event: 129.289 GC heap before
{Heap before GC invocations=18 (full 2):
 PSYoungGen      total 54272K, used 47720K [0x00000000e0000000, 0x00000000e4f00000, 0x0000000100000000)
  eden space 42496K, 100% used [0x00000000e0000000,0x00000000e2980000,0x00000000e2980000)
  from space 11776K, 44% used [0x00000000e2980000,0x00000000e2e9a368,0x00000000e3500000)
  to   space 11264K, 0% used [0x00000000e4400000,0x00000000e4400000,0x00000000e4f00000)
 ParOldGen       total 53248K, used 20259K [0x00000000a0000000, 0x00000000a3400000, 0x00000000e0000000)
  object space 53248K, 38% used [0x00000000a0000000,0x00000000a13c8d78,0x00000000a3400000)
 Metaspace       used 48426K, capacity 49314K, committed 49704K, reserved 1091584K
  class space    used 6536K, capacity 6838K, committed 6960K, reserved 1048576K
Event: 129.300 GC heap after
Heap after GC invocations=18 (full 2):
 PSYoungGen      total 45056K, used 3457K [0x00000000e0000000, 0x00000000e4780000, 0x0000000100000000)
  eden space 41472K, 0% used [0x00000000e0000000,0x00000000e0000000,0x00000000e2880000)
  from space 3584K, 96% used [0x00000000e4400000,0x00000000e4760680,0x00000000e4780000)
  to   space 11264K, 0% used [0x00000000e3180000,0x00000000e3180000,0x00000000e3c80000)
 ParOldGen       total 53248K, used 24301K [0x00000000a0000000, 0x00000000a3400000, 0x00000000e0000000)
  object space 53248K, 45% used [0x00000000a0000000,0x00000000a17bb5d8,0x00000000a3400000)
 Metaspace       used 48426K, capacity 49314K, committed 49704K, reserved 1091584K
  class space    used 6536K, capacity 6838K, committed 6960K, reserved 1048576K
}
Event: 131.995 GC heap before
{Heap before GC invocations=19 (full 2):
 PSYoungGen      total 45056K, used 44929K [0x00000000e0000000, 0x00000000e4780000, 0x0000000100000000)
  eden space 41472K, 100% used [0x00000000e0000000,0x00000000e2880000,0x00000000e2880000)
  from space 3584K, 96% used [0x00000000e4400000,0x00000000e4760680,0x00000000e4780000)
  to   space 11264K, 0% used [0x00000000e3180000,0x00000000e3180000,0x00000000e3c80000)
 ParOldGen       total 53248K, used 24301K [0x00000000a0000000, 0x00000000a3400000, 0x00000000e0000000)
  object space 53248K, 45% used [0x00000000a0000000,0x00000000a17bb5d8,0x00000000a3400000)
 Metaspace       used 48653K, capacity 49536K, committed 49704K, reserved 1091584K
  class space    used 6545K, capacity 6843K, committed 6960K, reserved 1048576K
Event: 132.004 GC heap after
Heap after GC invocations=19 (full 2):
 PSYoungGen      total 42496K, used 1889K [0x00000000e0000000, 0x00000000e4480000, 0x0000000100000000)
  eden space 40448K, 0% used [0x00000000e0000000,0x00000000e0000000,0x00000000e2780000)
  from space 2048K, 92% used [0x00000000e3180000,0x00000000e33586d8,0x00000000e3380000)
  to   space 11776K, 0% used [0x00000000e3900000,0x00000000e3900000,0x00000000e4480000)
 ParOldGen       total 53248K, used 25583K [0x00000000a0000000, 0x00000000a3400000, 0x00000000e0000000)
  object space 53248K, 48% used [0x00000000a0000000,0x00000000a18fbc98,0x00000000a3400000)
 Metaspace       used 48653K, capacity 49536K, committed 49704K, reserved 1091584K
  class space    used 6545K, capacity 6843K, committed 6960K, reserved 1048576K
}
Event: 135.045 GC heap before
{Heap before GC invocations=20 (full 2):
 PSYoungGen      total 42496K, used 42337K [0x00000000e0000000, 0x00000000e4480000, 0x0000000100000000)
  eden space 40448K, 100% used [0x00000000e0000000,0x00000000e2780000,0x00000000e2780000)
  from space 2048K, 92% used [0x00000000e3180000,0x00000000e33586d8,0x00000000e3380000)
  to   space 11776K, 0% used [0x00000000e3900000,0x00000000e3900000,0x00000000e4480000)
 ParOldGen       total 53248K, used 25583K [0x00000000a0000000, 0x00000000a3400000, 0x00000000e0000000)
  object space 53248K, 48% used [0x00000000a0000000,0x00000000a18fbc98,0x00000000a3400000)
 Metaspace       used 48653K, capacity 49536K, committed 49704K, reserved 1091584K
  class space    used 6545K, capacity 6843K, committed 6960K, reserved 1048576K
Event: 135.051 GC heap after
Heap after GC invocations=20 (full 2):
 PSYoungGen      total 45056K, used 64K [0x00000000e0000000, 0x00000000e3e80000, 0x0000000100000000)
  eden space 39424K, 0% used [0x00000000e0000000,0x00000000e0000000,0x00000000e2680000)
  from space 5632K, 1% used [0x00000000e3900000,0x00000000e3910000,0x00000000e3e80000)
  to   space 12288K, 0% used [0x00000000e2680000,0x00000000e2680000,0x00000000e3280000)
 ParOldGen       total 53248K, used 25936K [0x00000000a0000000, 0x00000000a3400000, 0x00000000e0000000)
  object space 53248K, 48% used [0x00000000a0000000,0x00000000a1954370,0x00000000a3400000)
 Metaspace       used 48653K, capacity 49536K, committed 49704K, reserved 1091584K
  class space    used 6545K, capacity 6843K, committed 6960K, reserved 1048576K
}

